<?xml version="1.0" encoding="UTF-8"?>
<!-- Generated by org.testng.reporters.JUnitReportReporter -->
<testsuite skipped="0" hostname="DESKTOP-NBSLBQ4" name="com.TestNG_Framework.TestNG_Test" tests="2" failures="0" timestamp="2022-07-24T14:39:38 IST" time="0.030" errors="0">
  <testcase name="board" time="0.024" classname="com.TestNG_Framework.TestNG_Test"/>
  <system-out/>
  <testcase name="book" time="0.006" classname="com.TestNG_Framework.TestNG_Test"/>
  <system-out/>
</testsuite> <!-- com.TestNG_Framework.TestNG_Test -->
